This file contains any messages produced by compilers while
running configure, to aid debugging if configure makes a mistake.

It was created by libpng configure 1.2.12, which was
generated by GNU Autoconf 2.59.  Invocation command line was

  $ ./configure 

## --------- ##
## Platform. ##
## --------- ##

hostname = german-VirtualBox
uname -m = x86_64
uname -r = 4.15.0-43-generic
uname -s = Linux
uname -v = #46-Ubuntu SMP Thu Dec 6 14:45:28 UTC 2018

/usr/bin/uname -p = unknown
/bin/uname -X     = unknown

/bin/arch              = unknown
/usr/bin/arch -k       = unknown
/usr/convex/getsysinfo = unknown
hostinfo               = unknown
/bin/machine           = unknown
/usr/bin/oslevel       = unknown
/bin/universe          = unknown

PATH: /usr/local/sbin
PATH: /usr/local/bin
PATH: /usr/sbin
PATH: /usr/bin
PATH: /sbin
PATH: /bin
PATH: /usr/games
PATH: /usr/local/games
PATH: /snap/bin


## ----------- ##
## Core tests. ##
## ----------- ##

configure:1559: checking for a BSD-compatible install
configure:1614: result: /usr/bin/install -c
configure:1625: checking whether build environment is sane
configure:1668: result: yes
configure:1733: checking for gawk
configure:1762: result: no
configure:1733: checking for mawk
configure:1749: found /usr/bin/mawk
configure:1759: result: mawk
configure:1769: checking whether make sets $(MAKE)
configure:1789: result: yes
configure:1957: checking whether to enable maintainer-specific portions of Makefiles
configure:1966: result: no
configure:2038: checking for gcc
configure:2064: result: x86_64-linux-gnu-gcc
configure:2308: checking for C compiler version
configure:2311: x86_64-linux-gnu-gcc --version </dev/null >&5
x86_64-linux-gnu-gcc (Ubuntu 7.3.0-27ubuntu1~18.04) 7.3.0
Copyright (C) 2017 Free Software Foundation, Inc.
This is free software; see the source for copying conditions.  There is NO
warranty; not even for MERCHANTABILITY or FITNESS FOR A PARTICULAR PURPOSE.

configure:2314: $? = 0
configure:2316: x86_64-linux-gnu-gcc -v </dev/null >&5
Using built-in specs.
COLLECT_GCC=x86_64-linux-gnu-gcc
COLLECT_LTO_WRAPPER=/usr/lib/gcc/x86_64-linux-gnu/7/lto-wrapper
OFFLOAD_TARGET_NAMES=nvptx-none
OFFLOAD_TARGET_DEFAULT=1
Target: x86_64-linux-gnu
Configured with: ../src/configure -v --with-pkgversion='Ubuntu 7.3.0-27ubuntu1~18.04' --with-bugurl=file:///usr/share/doc/gcc-7/README.Bugs --enable-languages=c,ada,c++,go,brig,d,fortran,objc,obj-c++ --prefix=/usr --with-gcc-major-version-only --program-suffix=-7 --program-prefix=x86_64-linux-gnu- --enable-shared --enable-linker-build-id --libexecdir=/usr/lib --without-included-gettext --enable-threads=posix --libdir=/usr/lib --enable-nls --with-sysroot=/ --enable-clocale=gnu --enable-libstdcxx-debug --enable-libstdcxx-time=yes --with-default-libstdcxx-abi=new --enable-gnu-unique-object --disable-vtable-verify --enable-libmpx --enable-plugin --enable-default-pie --with-system-zlib --with-target-system-zlib --enable-objc-gc=auto --enable-multiarch --disable-werror --with-arch-32=i686 --with-abi=m64 --with-multilib-list=m32,m64,mx32 --enable-multilib --with-tune=generic --enable-offload-targets=nvptx-none --without-cuda-driver --enable-checking=release --build=x86_64-linux-gnu --host=x86_64-linux-gnu --target=x86_64-linux-gnu
Thread model: posix
gcc version 7.3.0 (Ubuntu 7.3.0-27ubuntu1~18.04) 
configure:2319: $? = 0
configure:2321: x86_64-linux-gnu-gcc -V </dev/null >&5
x86_64-linux-gnu-gcc: error: unrecognized command line option '-V'
x86_64-linux-gnu-gcc: fatal error: no input files
compilation terminated.
configure:2324: $? = 1
configure:2347: checking for C compiler default output file name
configure:2350: x86_64-linux-gnu-gcc -D_REENTRANT -D_GNU_SOURCE -DDEBIAN -fwrapv -fno-strict-aliasing -pipe -I/usr/local/include -D_LARGEFILE_SOURCE -D_FILE_OFFSET_BITS=64 -fPIC   conftest.c  >&5
configure:2353: $? = 0
configure:2399: result: a.out
configure:2404: checking whether the C compiler works
configure:2410: ./a.out
configure:2413: $? = 0
configure:2430: result: yes
configure:2437: checking whether we are cross compiling
configure:2439: result: no
configure:2442: checking for suffix of executables
configure:2444: x86_64-linux-gnu-gcc -o conftest -D_REENTRANT -D_GNU_SOURCE -DDEBIAN -fwrapv -fno-strict-aliasing -pipe -I/usr/local/include -D_LARGEFILE_SOURCE -D_FILE_OFFSET_BITS=64 -fPIC   conftest.c  >&5
configure:2447: $? = 0
configure:2472: result: 
configure:2478: checking for suffix of object files
configure:2499: x86_64-linux-gnu-gcc -c -D_REENTRANT -D_GNU_SOURCE -DDEBIAN -fwrapv -fno-strict-aliasing -pipe -I/usr/local/include -D_LARGEFILE_SOURCE -D_FILE_OFFSET_BITS=64 -fPIC  conftest.c >&5
configure:2502: $? = 0
configure:2524: result: o
configure:2528: checking whether we are using the GNU C compiler
configure:2552: x86_64-linux-gnu-gcc -c -D_REENTRANT -D_GNU_SOURCE -DDEBIAN -fwrapv -fno-strict-aliasing -pipe -I/usr/local/include -D_LARGEFILE_SOURCE -D_FILE_OFFSET_BITS=64 -fPIC  conftest.c >&5
configure:2558: $? = 0
configure:2562: test -z 
			 || test ! -s conftest.err
configure:2565: $? = 0
configure:2568: test -s conftest.o
configure:2571: $? = 0
configure:2584: result: yes
configure:2590: checking whether x86_64-linux-gnu-gcc accepts -g
configure:2611: x86_64-linux-gnu-gcc -c -g  conftest.c >&5
configure:2617: $? = 0
configure:2621: test -z 
			 || test ! -s conftest.err
configure:2624: $? = 0
configure:2627: test -s conftest.o
configure:2630: $? = 0
configure:2641: result: yes
configure:2658: checking for x86_64-linux-gnu-gcc option to accept ANSI C
configure:2728: x86_64-linux-gnu-gcc  -c -D_REENTRANT -D_GNU_SOURCE -DDEBIAN -fwrapv -fno-strict-aliasing -pipe -I/usr/local/include -D_LARGEFILE_SOURCE -D_FILE_OFFSET_BITS=64 -fPIC  conftest.c >&5
configure:2734: $? = 0
configure:2738: test -z 
			 || test ! -s conftest.err
configure:2741: $? = 0
configure:2744: test -s conftest.o
configure:2747: $? = 0
configure:2765: result: none needed
configure:2783: x86_64-linux-gnu-gcc -c -D_REENTRANT -D_GNU_SOURCE -DDEBIAN -fwrapv -fno-strict-aliasing -pipe -I/usr/local/include -D_LARGEFILE_SOURCE -D_FILE_OFFSET_BITS=64 -fPIC  conftest.c >&5
conftest.c:2:3: error: unknown type name 'choke'
   choke me
   ^~~~~
conftest.c:2:3: error: expected '=', ',', ';', 'asm' or '__attribute__' at end of input
configure:2789: $? = 1
configure: failed program was:
| #ifndef __cplusplus
|   choke me
| #endif
configure:2933: checking for style of include used by make
configure:2961: result: GNU
configure:2989: checking dependency style of x86_64-linux-gnu-gcc
configure:3079: result: gcc3
configure:3096: checking for a sed that does not truncate output
configure:3150: result: /bin/sed
configure:3159: checking build system type
configure:3177: result: x86_64-unknown-linux-gnu
configure:3185: checking host system type
configure:3199: result: x86_64-unknown-linux-gnu
configure:3207: checking for egrep
configure:3217: result: grep -E
configure:3233: checking for ld used by x86_64-linux-gnu-gcc
configure:3300: result: /usr/bin/ld
configure:3309: checking if the linker (/usr/bin/ld) is GNU ld
configure:3324: result: yes
configure:3334: checking how to run the C preprocessor
configure:3369: x86_64-linux-gnu-gcc -E  conftest.c
configure:3375: $? = 0
configure:3407: x86_64-linux-gnu-gcc -E  conftest.c
conftest.c:11:10: fatal error: ac_nonexistent.h: No such file or directory
 #include <ac_nonexistent.h>
          ^~~~~~~~~~~~~~~~~~
compilation terminated.
configure:3413: $? = 1
configure: failed program was:
| /* confdefs.h.  */
| 
| #define PACKAGE_NAME "libpng"
| #define PACKAGE_TARNAME "libpng"
| #define PACKAGE_VERSION "1.2.12"
| #define PACKAGE_STRING "libpng 1.2.12"
| #define PACKAGE_BUGREPORT "png-mng-implement@lists.sourceforge.net"
| #define PACKAGE "libpng"
| #define VERSION "1.2.12"
| /* end confdefs.h.  */
| #include <ac_nonexistent.h>
configure:3452: result: x86_64-linux-gnu-gcc -E
configure:3476: x86_64-linux-gnu-gcc -E  conftest.c
configure:3482: $? = 0
configure:3514: x86_64-linux-gnu-gcc -E  conftest.c
conftest.c:11:10: fatal error: ac_nonexistent.h: No such file or directory
 #include <ac_nonexistent.h>
          ^~~~~~~~~~~~~~~~~~
compilation terminated.
configure:3520: $? = 1
configure: failed program was:
| /* confdefs.h.  */
| 
| #define PACKAGE_NAME "libpng"
| #define PACKAGE_TARNAME "libpng"
| #define PACKAGE_VERSION "1.2.12"
| #define PACKAGE_STRING "libpng 1.2.12"
| #define PACKAGE_BUGREPORT "png-mng-implement@lists.sourceforge.net"
| #define PACKAGE "libpng"
| #define VERSION "1.2.12"
| /* end confdefs.h.  */
| #include <ac_nonexistent.h>
configure:3604: checking for sed
configure:3631: result: /bin/sed
configure:3656: checking for a BSD-compatible install
configure:3711: result: /usr/bin/install -c
configure:3722: checking whether ln -s works
configure:3726: result: yes
configure:3733: checking whether make sets $(MAKE)
configure:3753: result: yes
configure:3834: checking for /usr/bin/ld option to reload object files
configure:3841: result: -r
configure:3859: checking for BSD-compatible nm
configure:3908: result: /usr/bin/nm -B
configure:3912: checking how to recognise dependent libraries
configure:4088: result: pass_all
configure:4176: x86_64-linux-gnu-gcc -c -D_REENTRANT -D_GNU_SOURCE -DDEBIAN -fwrapv -fno-strict-aliasing -pipe -I/usr/local/include -D_LARGEFILE_SOURCE -D_FILE_OFFSET_BITS=64 -fPIC  conftest.c >&5
configure:4179: $? = 0
configure:4321: checking for ANSI C header files
configure:4346: x86_64-linux-gnu-gcc -c -D_REENTRANT -D_GNU_SOURCE -DDEBIAN -fwrapv -fno-strict-aliasing -pipe -I/usr/local/include -D_LARGEFILE_SOURCE -D_FILE_OFFSET_BITS=64 -fPIC  conftest.c >&5
configure:4352: $? = 0
configure:4356: test -z 
			 || test ! -s conftest.err
configure:4359: $? = 0
configure:4362: test -s conftest.o
configure:4365: $? = 0
configure:4454: x86_64-linux-gnu-gcc -o conftest -D_REENTRANT -D_GNU_SOURCE -DDEBIAN -fwrapv -fno-strict-aliasing -pipe -I/usr/local/include -D_LARGEFILE_SOURCE -D_FILE_OFFSET_BITS=64 -fPIC   conftest.c  >&5
conftest.c: In function 'main':
conftest.c:28:7: warning: implicit declaration of function 'exit' [-Wimplicit-function-declaration]
       exit(2);
       ^~~~
conftest.c:28:7: warning: incompatible implicit declaration of built-in function 'exit'
conftest.c:28:7: note: include '<stdlib.h>' or provide a declaration of 'exit'
conftest.c:29:3: warning: incompatible implicit declaration of built-in function 'exit'
   exit (0);
   ^~~~
conftest.c:29:3: note: include '<stdlib.h>' or provide a declaration of 'exit'
configure:4457: $? = 0
configure:4459: ./conftest
configure:4462: $? = 0
configure:4477: result: yes
configure:4501: checking for sys/types.h
configure:4517: x86_64-linux-gnu-gcc -c -D_REENTRANT -D_GNU_SOURCE -DDEBIAN -fwrapv -fno-strict-aliasing -pipe -I/usr/local/include -D_LARGEFILE_SOURCE -D_FILE_OFFSET_BITS=64 -fPIC  conftest.c >&5
configure:4523: $? = 0
configure:4527: test -z 
			 || test ! -s conftest.err
configure:4530: $? = 0
configure:4533: test -s conftest.o
configure:4536: $? = 0
configure:4547: result: yes
configure:4501: checking for sys/stat.h
configure:4517: x86_64-linux-gnu-gcc -c -D_REENTRANT -D_GNU_SOURCE -DDEBIAN -fwrapv -fno-strict-aliasing -pipe -I/usr/local/include -D_LARGEFILE_SOURCE -D_FILE_OFFSET_BITS=64 -fPIC  conftest.c >&5
configure:4523: $? = 0
configure:4527: test -z 
			 || test ! -s conftest.err
configure:4530: $? = 0
configure:4533: test -s conftest.o
configure:4536: $? = 0
configure:4547: result: yes
configure:4501: checking for stdlib.h
configure:4517: x86_64-linux-gnu-gcc -c -D_REENTRANT -D_GNU_SOURCE -DDEBIAN -fwrapv -fno-strict-aliasing -pipe -I/usr/local/include -D_LARGEFILE_SOURCE -D_FILE_OFFSET_BITS=64 -fPIC  conftest.c >&5
configure:4523: $? = 0
configure:4527: test -z 
			 || test ! -s conftest.err
configure:4530: $? = 0
configure:4533: test -s conftest.o
configure:4536: $? = 0
configure:4547: result: yes
configure:4501: checking for string.h
configure:4517: x86_64-linux-gnu-gcc -c -D_REENTRANT -D_GNU_SOURCE -DDEBIAN -fwrapv -fno-strict-aliasing -pipe -I/usr/local/include -D_LARGEFILE_SOURCE -D_FILE_OFFSET_BITS=64 -fPIC  conftest.c >&5
configure:4523: $? = 0
configure:4527: test -z 
			 || test ! -s conftest.err
configure:4530: $? = 0
configure:4533: test -s conftest.o
configure:4536: $? = 0
configure:4547: result: yes
configure:4501: checking for memory.h
configure:4517: x86_64-linux-gnu-gcc -c -D_REENTRANT -D_GNU_SOURCE -DDEBIAN -fwrapv -fno-strict-aliasing -pipe -I/usr/local/include -D_LARGEFILE_SOURCE -D_FILE_OFFSET_BITS=64 -fPIC  conftest.c >&5
configure:4523: $? = 0
configure:4527: test -z 
			 || test ! -s conftest.err
configure:4530: $? = 0
configure:4533: test -s conftest.o
configure:4536: $? = 0
configure:4547: result: yes
configure:4501: checking for strings.h
configure:4517: x86_64-linux-gnu-gcc -c -D_REENTRANT -D_GNU_SOURCE -DDEBIAN -fwrapv -fno-strict-aliasing -pipe -I/usr/local/include -D_LARGEFILE_SOURCE -D_FILE_OFFSET_BITS=64 -fPIC  conftest.c >&5
configure:4523: $? = 0
configure:4527: test -z 
			 || test ! -s conftest.err
configure:4530: $? = 0
configure:4533: test -s conftest.o
configure:4536: $? = 0
configure:4547: result: yes
configure:4501: checking for inttypes.h
configure:4517: x86_64-linux-gnu-gcc -c -D_REENTRANT -D_GNU_SOURCE -DDEBIAN -fwrapv -fno-strict-aliasing -pipe -I/usr/local/include -D_LARGEFILE_SOURCE -D_FILE_OFFSET_BITS=64 -fPIC  conftest.c >&5
configure:4523: $? = 0
configure:4527: test -z 
			 || test ! -s conftest.err
configure:4530: $? = 0
configure:4533: test -s conftest.o
configure:4536: $? = 0
configure:4547: result: yes
configure:4501: checking for stdint.h
configure:4517: x86_64-linux-gnu-gcc -c -D_REENTRANT -D_GNU_SOURCE -DDEBIAN -fwrapv -fno-strict-aliasing -pipe -I/usr/local/include -D_LARGEFILE_SOURCE -D_FILE_OFFSET_BITS=64 -fPIC  conftest.c >&5
configure:4523: $? = 0
configure:4527: test -z 
			 || test ! -s conftest.err
configure:4530: $? = 0
configure:4533: test -s conftest.o
configure:4536: $? = 0
configure:4547: result: yes
configure:4501: checking for unistd.h
configure:4517: x86_64-linux-gnu-gcc -c -D_REENTRANT -D_GNU_SOURCE -DDEBIAN -fwrapv -fno-strict-aliasing -pipe -I/usr/local/include -D_LARGEFILE_SOURCE -D_FILE_OFFSET_BITS=64 -fPIC  conftest.c >&5
configure:4523: $? = 0
configure:4527: test -z 
			 || test ! -s conftest.err
configure:4530: $? = 0
configure:4533: test -s conftest.o
configure:4536: $? = 0
configure:4547: result: yes
configure:4573: checking dlfcn.h usability
configure:4585: x86_64-linux-gnu-gcc -c -D_REENTRANT -D_GNU_SOURCE -DDEBIAN -fwrapv -fno-strict-aliasing -pipe -I/usr/local/include -D_LARGEFILE_SOURCE -D_FILE_OFFSET_BITS=64 -fPIC  conftest.c >&5
configure:4591: $? = 0
configure:4595: test -z 
			 || test ! -s conftest.err
configure:4598: $? = 0
configure:4601: test -s conftest.o
configure:4604: $? = 0
configure:4614: result: yes
configure:4618: checking dlfcn.h presence
configure:4628: x86_64-linux-gnu-gcc -E  conftest.c
configure:4634: $? = 0
configure:4654: result: yes
configure:4689: checking for dlfcn.h
configure:4696: result: yes
configure:4761: checking for g++
configure:4790: result: no
configure:4761: checking for c++
configure:4790: result: no
configure:4761: checking for gpp
configure:4790: result: no
configure:4761: checking for aCC
configure:4790: result: no
configure:4761: checking for CC
configure:4790: result: no
configure:4761: checking for cxx
configure:4790: result: no
configure:4761: checking for cc++
configure:4790: result: no
configure:4761: checking for cl
configure:4790: result: no
configure:4761: checking for FCC
configure:4790: result: no
configure:4761: checking for KCC
configure:4790: result: no
configure:4761: checking for RCC
configure:4790: result: no
configure:4761: checking for xlC_r
configure:4790: result: no
configure:4761: checking for xlC
configure:4790: result: no
configure:4803: checking for C++ compiler version
configure:4806: g++ --version </dev/null >&5
./configure: line 4807: g++: command not found
configure:4809: $? = 127
configure:4811: g++ -v </dev/null >&5
./configure: line 4812: g++: command not found
configure:4814: $? = 127
configure:4816: g++ -V </dev/null >&5
./configure: line 4817: g++: command not found
configure:4819: $? = 127
configure:4822: checking whether we are using the GNU C++ compiler
configure:4846: g++ -c   conftest.cc >&5
./configure: line 4847: g++: command not found
configure:4852: $? = 127
configure: failed program was:
| /* confdefs.h.  */
| 
| #define PACKAGE_NAME "libpng"
| #define PACKAGE_TARNAME "libpng"
| #define PACKAGE_VERSION "1.2.12"
| #define PACKAGE_STRING "libpng 1.2.12"
| #define PACKAGE_BUGREPORT "png-mng-implement@lists.sourceforge.net"
| #define PACKAGE "libpng"
| #define VERSION "1.2.12"
| #define STDC_HEADERS 1
| #define HAVE_SYS_TYPES_H 1
| #define HAVE_SYS_STAT_H 1
| #define HAVE_STDLIB_H 1
| #define HAVE_STRING_H 1
| #define HAVE_MEMORY_H 1
| #define HAVE_STRINGS_H 1
| #define HAVE_INTTYPES_H 1
| #define HAVE_STDINT_H 1
| #define HAVE_UNISTD_H 1
| #define HAVE_DLFCN_H 1
| /* end confdefs.h.  */
| 
| int
| main ()
| {
| #ifndef __GNUC__
|        choke me
| #endif
| 
|   ;
|   return 0;
| }
configure:4878: result: no
configure:4884: checking whether g++ accepts -g
configure:4905: g++ -c -g  conftest.cc >&5
./configure: line 4906: g++: command not found
configure:4911: $? = 127
configure: failed program was:
| /* confdefs.h.  */
| 
| #define PACKAGE_NAME "libpng"
| #define PACKAGE_TARNAME "libpng"
| #define PACKAGE_VERSION "1.2.12"
| #define PACKAGE_STRING "libpng 1.2.12"
| #define PACKAGE_BUGREPORT "png-mng-implement@lists.sourceforge.net"
| #define PACKAGE "libpng"
| #define VERSION "1.2.12"
| #define STDC_HEADERS 1
| #define HAVE_SYS_TYPES_H 1
| #define HAVE_SYS_STAT_H 1
| #define HAVE_STDLIB_H 1
| #define HAVE_STRING_H 1
| #define HAVE_MEMORY_H 1
| #define HAVE_STRINGS_H 1
| #define HAVE_INTTYPES_H 1
| #define HAVE_STDINT_H 1
| #define HAVE_UNISTD_H 1
| #define HAVE_DLFCN_H 1
| /* end confdefs.h.  */
| 
| int
| main ()
| {
| 
|   ;
|   return 0;
| }
configure:4935: result: no
configure:4977: g++ -c   conftest.cc >&5
./configure: line 4978: g++: command not found
configure:4983: $? = 127
configure: failed program was:
| /* confdefs.h.  */
| 
| #define PACKAGE_NAME "libpng"
| #define PACKAGE_TARNAME "libpng"
| #define PACKAGE_VERSION "1.2.12"
| #define PACKAGE_STRING "libpng 1.2.12"
| #define PACKAGE_BUGREPORT "png-mng-implement@lists.sourceforge.net"
| #define PACKAGE "libpng"
| #define VERSION "1.2.12"
| #define STDC_HEADERS 1
| #define HAVE_SYS_TYPES_H 1
| #define HAVE_SYS_STAT_H 1
| #define HAVE_STDLIB_H 1
| #define HAVE_STRING_H 1
| #define HAVE_MEMORY_H 1
| #define HAVE_STRINGS_H 1
| #define HAVE_INTTYPES_H 1
| #define HAVE_STDINT_H 1
| #define HAVE_UNISTD_H 1
| #define HAVE_DLFCN_H 1
| /* end confdefs.h.  */
| 
| #include <stdlib.h>
| int
| main ()
| {
| exit (42);
|   ;
|   return 0;
| }
configure:4977: g++ -c   conftest.cc >&5
./configure: line 4978: g++: command not found
configure:4983: $? = 127
configure: failed program was:
| /* confdefs.h.  */
| 
| #define PACKAGE_NAME "libpng"
| #define PACKAGE_TARNAME "libpng"
| #define PACKAGE_VERSION "1.2.12"
| #define PACKAGE_STRING "libpng 1.2.12"
| #define PACKAGE_BUGREPORT "png-mng-implement@lists.sourceforge.net"
| #define PACKAGE "libpng"
| #define VERSION "1.2.12"
| #define STDC_HEADERS 1
| #define HAVE_SYS_TYPES_H 1
| #define HAVE_SYS_STAT_H 1
| #define HAVE_STDLIB_H 1
| #define HAVE_STRING_H 1
| #define HAVE_MEMORY_H 1
| #define HAVE_STRINGS_H 1
| #define HAVE_INTTYPES_H 1
| #define HAVE_STDINT_H 1
| #define HAVE_UNISTD_H 1
| #define HAVE_DLFCN_H 1
| /* end confdefs.h.  */
| extern "C" void std::exit (int) throw (); using std::exit;
| #include <stdlib.h>
| int
| main ()
| {
| exit (42);
|   ;
|   return 0;
| }
configure:4977: g++ -c   conftest.cc >&5
./configure: line 4978: g++: command not found
configure:4983: $? = 127
configure: failed program was:
| /* confdefs.h.  */
| 
| #define PACKAGE_NAME "libpng"
| #define PACKAGE_TARNAME "libpng"
| #define PACKAGE_VERSION "1.2.12"
| #define PACKAGE_STRING "libpng 1.2.12"
| #define PACKAGE_BUGREPORT "png-mng-implement@lists.sourceforge.net"
| #define PACKAGE "libpng"
| #define VERSION "1.2.12"
| #define STDC_HEADERS 1
| #define HAVE_SYS_TYPES_H 1
| #define HAVE_SYS_STAT_H 1
| #define HAVE_STDLIB_H 1
| #define HAVE_STRING_H 1
| #define HAVE_MEMORY_H 1
| #define HAVE_STRINGS_H 1
| #define HAVE_INTTYPES_H 1
| #define HAVE_STDINT_H 1
| #define HAVE_UNISTD_H 1
| #define HAVE_DLFCN_H 1
| /* end confdefs.h.  */
| extern "C" void std::exit (int); using std::exit;
| #include <stdlib.h>
| int
| main ()
| {
| exit (42);
|   ;
|   return 0;
| }
configure:4977: g++ -c   conftest.cc >&5
./configure: line 4978: g++: command not found
configure:4983: $? = 127
configure: failed program was:
| /* confdefs.h.  */
| 
| #define PACKAGE_NAME "libpng"
| #define PACKAGE_TARNAME "libpng"
| #define PACKAGE_VERSION "1.2.12"
| #define PACKAGE_STRING "libpng 1.2.12"
| #define PACKAGE_BUGREPORT "png-mng-implement@lists.sourceforge.net"
| #define PACKAGE "libpng"
| #define VERSION "1.2.12"
| #define STDC_HEADERS 1
| #define HAVE_SYS_TYPES_H 1
| #define HAVE_SYS_STAT_H 1
| #define HAVE_STDLIB_H 1
| #define HAVE_STRING_H 1
| #define HAVE_MEMORY_H 1
| #define HAVE_STRINGS_H 1
| #define HAVE_INTTYPES_H 1
| #define HAVE_STDINT_H 1
| #define HAVE_UNISTD_H 1
| #define HAVE_DLFCN_H 1
| /* end confdefs.h.  */
| extern "C" void exit (int) throw ();
| #include <stdlib.h>
| int
| main ()
| {
| exit (42);
|   ;
|   return 0;
| }
configure:4977: g++ -c   conftest.cc >&5
./configure: line 4978: g++: command not found
configure:4983: $? = 127
configure: failed program was:
| /* confdefs.h.  */
| 
| #define PACKAGE_NAME "libpng"
| #define PACKAGE_TARNAME "libpng"
| #define PACKAGE_VERSION "1.2.12"
| #define PACKAGE_STRING "libpng 1.2.12"
| #define PACKAGE_BUGREPORT "png-mng-implement@lists.sourceforge.net"
| #define PACKAGE "libpng"
| #define VERSION "1.2.12"
| #define STDC_HEADERS 1
| #define HAVE_SYS_TYPES_H 1
| #define HAVE_SYS_STAT_H 1
| #define HAVE_STDLIB_H 1
| #define HAVE_STRING_H 1
| #define HAVE_MEMORY_H 1
| #define HAVE_STRINGS_H 1
| #define HAVE_INTTYPES_H 1
| #define HAVE_STDINT_H 1
| #define HAVE_UNISTD_H 1
| #define HAVE_DLFCN_H 1
| /* end confdefs.h.  */
| extern "C" void exit (int);
| #include <stdlib.h>
| int
| main ()
| {
| exit (42);
|   ;
|   return 0;
| }
configure:4977: g++ -c   conftest.cc >&5
./configure: line 4978: g++: command not found
configure:4983: $? = 127
configure: failed program was:
| /* confdefs.h.  */
| 
| #define PACKAGE_NAME "libpng"
| #define PACKAGE_TARNAME "libpng"
| #define PACKAGE_VERSION "1.2.12"
| #define PACKAGE_STRING "libpng 1.2.12"
| #define PACKAGE_BUGREPORT "png-mng-implement@lists.sourceforge.net"
| #define PACKAGE "libpng"
| #define VERSION "1.2.12"
| #define STDC_HEADERS 1
| #define HAVE_SYS_TYPES_H 1
| #define HAVE_SYS_STAT_H 1
| #define HAVE_STDLIB_H 1
| #define HAVE_STRING_H 1
| #define HAVE_MEMORY_H 1
| #define HAVE_STRINGS_H 1
| #define HAVE_INTTYPES_H 1
| #define HAVE_STDINT_H 1
| #define HAVE_UNISTD_H 1
| #define HAVE_DLFCN_H 1
| /* end confdefs.h.  */
| void exit (int);
| #include <stdlib.h>
| int
| main ()
| {
| exit (42);
|   ;
|   return 0;
| }
configure:5066: checking dependency style of g++
configure:5156: result: none
configure:5462: checking for g77
configure:5491: result: no
configure:5462: checking for f77
configure:5491: result: no
configure:5462: checking for xlf
configure:5491: result: no
configure:5462: checking for frt
configure:5491: result: no
configure:5462: checking for pgf77
configure:5491: result: no
configure:5462: checking for fort77
configure:5491: result: no
configure:5462: checking for fl32
configure:5491: result: no
configure:5462: checking for af77
configure:5491: result: no
configure:5462: checking for f90
configure:5491: result: no
configure:5462: checking for xlf90
configure:5491: result: no
configure:5462: checking for pgf90
configure:5491: result: no
configure:5462: checking for epcf90
configure:5491: result: no
configure:5462: checking for f95
configure:5491: result: no
configure:5462: checking for fort
configure:5491: result: no
configure:5462: checking for xlf95
configure:5491: result: no
configure:5462: checking for ifc
configure:5491: result: no
configure:5462: checking for efc
configure:5491: result: no
configure:5462: checking for pgf95
configure:5491: result: no
configure:5462: checking for lf95
configure:5491: result: no
configure:5462: checking for gfortran
configure:5491: result: no
configure:5503: checking for Fortran 77 compiler version
configure:5506:  --version </dev/null >&5
./configure: line 5507: --version: command not found
configure:5509: $? = 127
configure:5511:  -v </dev/null >&5
./configure: line 5512: -v: command not found
configure:5514: $? = 127
configure:5516:  -V </dev/null >&5
./configure: line 5517: -V: command not found
configure:5519: $? = 127
configure:5527: checking whether we are using the GNU Fortran 77 compiler
configure:5541:  -c  conftest.F >&5
./configure: line 5542: -c: command not found
configure:5547: $? = 127
configure: failed program was:
|       program main
| #ifndef __GNUC__
|        choke me
| #endif
| 
|       end
configure:5573: result: no
configure:5579: checking whether  accepts -g
configure:5591:  -c -g conftest.f >&5
./configure: line 5592: -c: command not found
configure:5597: $? = 127
configure: failed program was:
|       program main
| 
|       end
configure:5622: result: no
configure:5652: checking the maximum length of command line arguments
configure:5761: result: 32768
configure:5772: checking command to parse /usr/bin/nm -B output from x86_64-linux-gnu-gcc object
configure:5877: x86_64-linux-gnu-gcc -c -D_REENTRANT -D_GNU_SOURCE -DDEBIAN -fwrapv -fno-strict-aliasing -pipe -I/usr/local/include -D_LARGEFILE_SOURCE -D_FILE_OFFSET_BITS=64 -fPIC  conftest.c >&5
configure:5880: $? = 0
configure:5884: /usr/bin/nm -B conftest.o \| sed -n -e 's/^.*[ 	]\([ABCDGIRSTW][ABCDGIRSTW]*\)[ 	][ 	]*\([_A-Za-z][_A-Za-z0-9]*\)$/\1 \2 \2/p' \> conftest.nm
configure:5887: $? = 0
configure:5939: x86_64-linux-gnu-gcc -o conftest -D_REENTRANT -D_GNU_SOURCE -DDEBIAN -fwrapv -fno-strict-aliasing -pipe -I/usr/local/include -D_LARGEFILE_SOURCE -D_FILE_OFFSET_BITS=64 -fPIC   conftest.c conftstm.o >&5
configure:5942: $? = 0
configure:5980: result: ok
configure:5984: checking for objdir
configure:5999: result: .libs
configure:6089: checking for ar
configure:6105: found /usr/bin/ar
configure:6116: result: ar
configure:6169: checking for ranlib
configure:6185: found /usr/bin/ranlib
configure:6196: result: ranlib
configure:6249: checking for strip
configure:6265: found /usr/bin/strip
configure:6276: result: strip
configure:6548: checking if x86_64-linux-gnu-gcc supports -fno-rtti -fno-exceptions
configure:6566: x86_64-linux-gnu-gcc -c -D_REENTRANT -D_GNU_SOURCE -DDEBIAN -fwrapv -fno-strict-aliasing -pipe -I/usr/local/include -D_LARGEFILE_SOURCE -D_FILE_OFFSET_BITS=64 -fPIC  -fno-rtti -fno-exceptions conftest.c >&5
cc1: warning: command line option '-fno-rtti' is valid for C++/ObjC++ but not for C
configure:6570: $? = 0
configure:6583: result: no
configure:6598: checking for x86_64-linux-gnu-gcc option to produce PIC
configure:6808: result: -fPIC
configure:6816: checking if x86_64-linux-gnu-gcc PIC flag -fPIC works
configure:6834: x86_64-linux-gnu-gcc -c -D_REENTRANT -D_GNU_SOURCE -DDEBIAN -fwrapv -fno-strict-aliasing -pipe -I/usr/local/include -D_LARGEFILE_SOURCE -D_FILE_OFFSET_BITS=64 -fPIC  -fPIC -DPIC conftest.c >&5
configure:6838: $? = 0
configure:6851: result: yes
configure:6879: checking if x86_64-linux-gnu-gcc static flag -static works
configure:6907: result: yes
configure:6917: checking if x86_64-linux-gnu-gcc supports -c -o file.o
configure:6938: x86_64-linux-gnu-gcc -c -D_REENTRANT -D_GNU_SOURCE -DDEBIAN -fwrapv -fno-strict-aliasing -pipe -I/usr/local/include -D_LARGEFILE_SOURCE -D_FILE_OFFSET_BITS=64 -fPIC  -o out/conftest2.o conftest.c >&5
configure:6942: $? = 0
configure:6964: result: yes
configure:6990: checking whether the x86_64-linux-gnu-gcc linker (/usr/bin/ld -m elf_x86_64) supports shared libraries
configure:7948: result: yes
configure:7969: checking whether -lc should be explicitly linked in
configure:7974: x86_64-linux-gnu-gcc -c -D_REENTRANT -D_GNU_SOURCE -DDEBIAN -fwrapv -fno-strict-aliasing -pipe -I/usr/local/include -D_LARGEFILE_SOURCE -D_FILE_OFFSET_BITS=64 -fPIC  conftest.c >&5
configure:7977: $? = 0
configure:7992: x86_64-linux-gnu-gcc -shared conftest.o  -v -Wl,-soname -Wl,conftest -o conftest 2\>\&1 \| grep  -lc  \>/dev/null 2\>\&1
configure:7995: $? = 0
configure:8007: result: no
configure:8015: checking dynamic linker characteristics
configure:8603: result: GNU/Linux ld.so
configure:8612: checking how to hardcode library paths into programs
configure:8637: result: immediate
configure:8651: checking whether stripping libraries is possible
configure:8656: result: yes
configure:9490: checking if libtool supports shared libraries
configure:9492: result: yes
configure:9495: checking whether to build shared libraries
configure:9516: result: yes
configure:9519: checking whether to build static libraries
configure:9523: result: yes
configure:9615: creating libtool
configure:18745: checking for ANSI C header files
configure:18901: result: yes
configure:18928: checking malloc.h usability
configure:18940: x86_64-linux-gnu-gcc -c -D_REENTRANT -D_GNU_SOURCE -DDEBIAN -fwrapv -fno-strict-aliasing -pipe -I/usr/local/include -D_LARGEFILE_SOURCE -D_FILE_OFFSET_BITS=64 -fPIC  conftest.c >&5
configure:18946: $? = 0
configure:18950: test -z 
			 || test ! -s conftest.err
configure:18953: $? = 0
configure:18956: test -s conftest.o
configure:18959: $? = 0
configure:18969: result: yes
configure:18973: checking malloc.h presence
configure:18983: x86_64-linux-gnu-gcc -E  conftest.c
configure:18989: $? = 0
configure:19009: result: yes
configure:19044: checking for malloc.h
configure:19051: result: yes
configure:18919: checking for stdlib.h
configure:18924: result: yes
configure:18919: checking for string.h
configure:18924: result: yes
configure:18919: checking for strings.h
configure:18924: result: yes
configure:19066: checking for an ANSI C-conforming const
configure:19133: x86_64-linux-gnu-gcc -c -D_REENTRANT -D_GNU_SOURCE -DDEBIAN -fwrapv -fno-strict-aliasing -pipe -I/usr/local/include -D_LARGEFILE_SOURCE -D_FILE_OFFSET_BITS=64 -fPIC  conftest.c >&5
configure:19139: $? = 0
configure:19143: test -z 
			 || test ! -s conftest.err
configure:19146: $? = 0
configure:19149: test -s conftest.o
configure:19152: $? = 0
configure:19163: result: yes
configure:19173: checking for size_t
configure:19197: x86_64-linux-gnu-gcc -c -D_REENTRANT -D_GNU_SOURCE -DDEBIAN -fwrapv -fno-strict-aliasing -pipe -I/usr/local/include -D_LARGEFILE_SOURCE -D_FILE_OFFSET_BITS=64 -fPIC  conftest.c >&5
configure:19203: $? = 0
configure:19207: test -z 
			 || test ! -s conftest.err
configure:19210: $? = 0
configure:19213: test -s conftest.o
configure:19216: $? = 0
configure:19227: result: yes
configure:19239: checking whether struct tm is in sys/time.h or time.h
configure:19262: x86_64-linux-gnu-gcc -c -D_REENTRANT -D_GNU_SOURCE -DDEBIAN -fwrapv -fno-strict-aliasing -pipe -I/usr/local/include -D_LARGEFILE_SOURCE -D_FILE_OFFSET_BITS=64 -fPIC  conftest.c >&5
configure:19268: $? = 0
configure:19272: test -z 
			 || test ! -s conftest.err
configure:19275: $? = 0
configure:19278: test -s conftest.o
configure:19281: $? = 0
configure:19292: result: time.h
configure:19309: checking for stdlib.h
configure:19314: result: yes
configure:19454: checking for GNU libc compatible malloc
configure:19483: x86_64-linux-gnu-gcc -o conftest -D_REENTRANT -D_GNU_SOURCE -DDEBIAN -fwrapv -fno-strict-aliasing -pipe -I/usr/local/include -D_LARGEFILE_SOURCE -D_FILE_OFFSET_BITS=64 -fPIC   conftest.c  >&5
configure:19486: $? = 0
configure:19488: ./conftest
configure:19491: $? = 0
configure:19505: result: yes
configure:19535: checking for working strtod
configure:19578: x86_64-linux-gnu-gcc -o conftest -D_REENTRANT -D_GNU_SOURCE -DDEBIAN -fwrapv -fno-strict-aliasing -pipe -I/usr/local/include -D_LARGEFILE_SOURCE -D_FILE_OFFSET_BITS=64 -fPIC   conftest.c  >&5
conftest.c: In function 'main':
conftest.c:44:7: warning: implicit declaration of function 'exit' [-Wimplicit-function-declaration]
       exit (1);
       ^~~~
conftest.c:44:7: warning: incompatible implicit declaration of built-in function 'exit'
conftest.c:44:7: note: include '<stdlib.h>' or provide a declaration of 'exit'
conftest.c:54:7: warning: incompatible implicit declaration of built-in function 'exit'
       exit (1);
       ^~~~
conftest.c:54:7: note: include '<stdlib.h>' or provide a declaration of 'exit'
conftest.c:56:3: warning: incompatible implicit declaration of built-in function 'exit'
   exit (0);
   ^~~~
conftest.c:56:3: note: include '<stdlib.h>' or provide a declaration of 'exit'
configure:19581: $? = 0
configure:19583: ./conftest
configure:19586: $? = 0
configure:19600: result: yes
configure:19782: checking for memset
configure:19839: x86_64-linux-gnu-gcc -o conftest -D_REENTRANT -D_GNU_SOURCE -DDEBIAN -fwrapv -fno-strict-aliasing -pipe -I/usr/local/include -D_LARGEFILE_SOURCE -D_FILE_OFFSET_BITS=64 -fPIC   conftest.c  >&5
conftest.c:56:6: warning: conflicting types for built-in function 'memset' [-Wbuiltin-declaration-mismatch]
 char memset ();
      ^~~~~~
configure:19845: $? = 0
configure:19849: test -z 
			 || test ! -s conftest.err
configure:19852: $? = 0
configure:19855: test -s conftest
configure:19858: $? = 0
configure:19870: result: yes
configure:19888: checking for pow
configure:19945: x86_64-linux-gnu-gcc -o conftest -D_REENTRANT -D_GNU_SOURCE -DDEBIAN -fwrapv -fno-strict-aliasing -pipe -I/usr/local/include -D_LARGEFILE_SOURCE -D_FILE_OFFSET_BITS=64 -fPIC   conftest.c  >&5
conftest.c:57:6: warning: conflicting types for built-in function 'pow' [-Wbuiltin-declaration-mismatch]
 char pow ();
      ^~~
/tmp/ccS4aHLj.o: In function `main':
conftest.c:(.text+0x11): undefined reference to `pow'
/tmp/ccS4aHLj.o:(.data.rel+0x0): undefined reference to `pow'
collect2: error: ld returned 1 exit status
configure:19951: $? = 1
configure: failed program was:
| /* confdefs.h.  */
| 
| #define PACKAGE_NAME "libpng"
| #define PACKAGE_TARNAME "libpng"
| #define PACKAGE_VERSION "1.2.12"
| #define PACKAGE_STRING "libpng 1.2.12"
| #define PACKAGE_BUGREPORT "png-mng-implement@lists.sourceforge.net"
| #define PACKAGE "libpng"
| #define VERSION "1.2.12"
| #define STDC_HEADERS 1
| #define HAVE_SYS_TYPES_H 1
| #define HAVE_SYS_STAT_H 1
| #define HAVE_STDLIB_H 1
| #define HAVE_STRING_H 1
| #define HAVE_MEMORY_H 1
| #define HAVE_STRINGS_H 1
| #define HAVE_INTTYPES_H 1
| #define HAVE_STDINT_H 1
| #define HAVE_UNISTD_H 1
| #define HAVE_DLFCN_H 1
| #ifdef __cplusplus
| void exit (int);
| #endif
| #define STDC_HEADERS 1
| #define HAVE_MALLOC_H 1
| #define HAVE_STDLIB_H 1
| #define HAVE_STRING_H 1
| #define HAVE_STRINGS_H 1
| #define HAVE_STDLIB_H 1
| #define HAVE_MALLOC 1
| #define HAVE_MEMSET 1
| /* end confdefs.h.  */
| /* Define pow to an innocuous variant, in case <limits.h> declares pow.
|    For example, HP-UX 11i <limits.h> declares gettimeofday.  */
| #define pow innocuous_pow
| 
| /* System header to define __stub macros and hopefully few prototypes,
|     which can conflict with char pow (); below.
|     Prefer <limits.h> to <assert.h> if __STDC__ is defined, since
|     <limits.h> exists even on freestanding compilers.  */
| 
| #ifdef __STDC__
| # include <limits.h>
| #else
| # include <assert.h>
| #endif
| 
| #undef pow
| 
| /* Override any gcc2 internal prototype to avoid an error.  */
| #ifdef __cplusplus
| extern "C"
| {
| #endif
| /* We use char because int might match the return type of a gcc2
|    builtin and then its argument prototype would still apply.  */
| char pow ();
| /* The GNU C library defines this for functions which it implements
|     to always fail with ENOSYS.  Some functions are actually named
|     something starting with __ and the normal name is an alias.  */
| #if defined (__stub_pow) || defined (__stub___pow)
| choke me
| #else
| char (*f) () = pow;
| #endif
| #ifdef __cplusplus
| }
| #endif
| 
| int
| main ()
| {
| return f != pow;
|   ;
|   return 0;
| }
configure:19976: result: no
configure:19985: checking for pow in -lm
configure:20015: x86_64-linux-gnu-gcc -o conftest -D_REENTRANT -D_GNU_SOURCE -DDEBIAN -fwrapv -fno-strict-aliasing -pipe -I/usr/local/include -D_LARGEFILE_SOURCE -D_FILE_OFFSET_BITS=64 -fPIC   conftest.c -lm   >&5
conftest.c:40:6: warning: conflicting types for built-in function 'pow' [-Wbuiltin-declaration-mismatch]
 char pow ();
      ^~~
configure:20021: $? = 0
configure:20025: test -z 
			 || test ! -s conftest.err
configure:20028: $? = 0
configure:20031: test -s conftest
configure:20034: $? = 0
configure:20047: result: yes
configure:20066: checking for zlibVersion in -lz
configure:20096: x86_64-linux-gnu-gcc -o conftest -D_REENTRANT -D_GNU_SOURCE -DDEBIAN -fwrapv -fno-strict-aliasing -pipe -I/usr/local/include -D_LARGEFILE_SOURCE -D_FILE_OFFSET_BITS=64 -fPIC   conftest.c -lz  -lm  >&5
/usr/bin/ld: cannot find -lz
collect2: error: ld returned 1 exit status
configure:20102: $? = 1
configure: failed program was:
| /* confdefs.h.  */
| 
| #define PACKAGE_NAME "libpng"
| #define PACKAGE_TARNAME "libpng"
| #define PACKAGE_VERSION "1.2.12"
| #define PACKAGE_STRING "libpng 1.2.12"
| #define PACKAGE_BUGREPORT "png-mng-implement@lists.sourceforge.net"
| #define PACKAGE "libpng"
| #define VERSION "1.2.12"
| #define STDC_HEADERS 1
| #define HAVE_SYS_TYPES_H 1
| #define HAVE_SYS_STAT_H 1
| #define HAVE_STDLIB_H 1
| #define HAVE_STRING_H 1
| #define HAVE_MEMORY_H 1
| #define HAVE_STRINGS_H 1
| #define HAVE_INTTYPES_H 1
| #define HAVE_STDINT_H 1
| #define HAVE_UNISTD_H 1
| #define HAVE_DLFCN_H 1
| #ifdef __cplusplus
| void exit (int);
| #endif
| #define STDC_HEADERS 1
| #define HAVE_MALLOC_H 1
| #define HAVE_STDLIB_H 1
| #define HAVE_STRING_H 1
| #define HAVE_STRINGS_H 1
| #define HAVE_STDLIB_H 1
| #define HAVE_MALLOC 1
| #define HAVE_MEMSET 1
| #define HAVE_LIBM 1
| /* end confdefs.h.  */
| 
| /* Override any gcc2 internal prototype to avoid an error.  */
| #ifdef __cplusplus
| extern "C"
| #endif
| /* We use char because int might match the return type of a gcc2
|    builtin and then its argument prototype would still apply.  */
| char zlibVersion ();
| int
| main ()
| {
| zlibVersion ();
|   ;
|   return 0;
| }
configure:20128: result: no
configure:20138: error: zlib not installed

## ---------------- ##
## Cache variables. ##
## ---------------- ##

ac_cv_build=x86_64-unknown-linux-gnu
ac_cv_build_alias=x86_64-unknown-linux-gnu
ac_cv_c_compiler_gnu=yes
ac_cv_c_const=yes
ac_cv_cxx_compiler_gnu=no
ac_cv_env_CC_set=set
ac_cv_env_CC_value=x86_64-linux-gnu-gcc
ac_cv_env_CFLAGS_set=set
ac_cv_env_CFLAGS_value='-D_REENTRANT -D_GNU_SOURCE -DDEBIAN -fwrapv -fno-strict-aliasing -pipe -I/usr/local/include -D_LARGEFILE_SOURCE -D_FILE_OFFSET_BITS=64 -fPIC'
ac_cv_env_CPPFLAGS_set=
ac_cv_env_CPPFLAGS_value=
ac_cv_env_CPP_set=
ac_cv_env_CPP_value=
ac_cv_env_CXXCPP_set=
ac_cv_env_CXXCPP_value=
ac_cv_env_CXXFLAGS_set=
ac_cv_env_CXXFLAGS_value=
ac_cv_env_CXX_set=
ac_cv_env_CXX_value=
ac_cv_env_F77_set=
ac_cv_env_F77_value=
ac_cv_env_FFLAGS_set=
ac_cv_env_FFLAGS_value=
ac_cv_env_LDFLAGS_set=
ac_cv_env_LDFLAGS_value=
ac_cv_env_build_alias_set=
ac_cv_env_build_alias_value=
ac_cv_env_host_alias_set=
ac_cv_env_host_alias_value=
ac_cv_env_target_alias_set=
ac_cv_env_target_alias_value=
ac_cv_exeext=
ac_cv_f77_compiler_gnu=no
ac_cv_func_malloc_0_nonnull=yes
ac_cv_func_memset=yes
ac_cv_func_pow=no
ac_cv_func_strtod=yes
ac_cv_header_dlfcn_h=yes
ac_cv_header_inttypes_h=yes
ac_cv_header_malloc_h=yes
ac_cv_header_memory_h=yes
ac_cv_header_stdc=yes
ac_cv_header_stdint_h=yes
ac_cv_header_stdlib_h=yes
ac_cv_header_string_h=yes
ac_cv_header_strings_h=yes
ac_cv_header_sys_stat_h=yes
ac_cv_header_sys_types_h=yes
ac_cv_header_unistd_h=yes
ac_cv_host=x86_64-unknown-linux-gnu
ac_cv_host_alias=x86_64-unknown-linux-gnu
ac_cv_lib_m_pow=yes
ac_cv_lib_z_zlibVersion=no
ac_cv_objext=o
ac_cv_path_install='/usr/bin/install -c'
ac_cv_prog_AWK=mawk
ac_cv_prog_CPP='x86_64-linux-gnu-gcc -E'
ac_cv_prog_ac_ct_AR=ar
ac_cv_prog_ac_ct_CC=x86_64-linux-gnu-gcc
ac_cv_prog_ac_ct_RANLIB=ranlib
ac_cv_prog_ac_ct_SED=/bin/sed
ac_cv_prog_ac_ct_STRIP=strip
ac_cv_prog_cc_g=yes
ac_cv_prog_cc_stdc=
ac_cv_prog_cxx_g=no
ac_cv_prog_egrep='grep -E'
ac_cv_prog_f77_g=no
ac_cv_prog_make_make_set=yes
ac_cv_struct_tm=time.h
ac_cv_type_size_t=yes
am_cv_CC_dependencies_compiler_type=gcc3
am_cv_CXX_dependencies_compiler_type=none
lt_cv_deplibs_check_method=pass_all
lt_cv_file_magic_cmd='$MAGIC_CMD'
lt_cv_file_magic_test_file=
lt_cv_ld_reload_flag=-r
lt_cv_objdir=.libs
lt_cv_path_LD=/usr/bin/ld
lt_cv_path_NM='/usr/bin/nm -B'
lt_cv_path_SED=/bin/sed
lt_cv_prog_compiler_c_o=yes
lt_cv_prog_compiler_rtti_exceptions=no
lt_cv_prog_gnu_ld=yes
lt_cv_sys_global_symbol_pipe='sed -n -e '\''s/^.*[ 	]\([ABCDGIRSTW][ABCDGIRSTW]*\)[ 	][ 	]*\([_A-Za-z][_A-Za-z0-9]*\)$/\1 \2 \2/p'\'''
lt_cv_sys_global_symbol_to_c_name_address='sed -n -e '\''s/^: \([^ ]*\) $/  {\"\1\", (lt_ptr) 0},/p'\'' -e '\''s/^[BCDEGRST] \([^ ]*\) \([^ ]*\)$/  {"\2", (lt_ptr) \&\2},/p'\'''
lt_cv_sys_global_symbol_to_cdecl='sed -n -e '\''s/^. .* \(.*\)$/extern int \1;/p'\'''
lt_cv_sys_max_cmd_len=32768
lt_lt_cv_prog_compiler_c_o='"yes"'
lt_lt_cv_sys_global_symbol_pipe='"sed -n -e '\''s/^.*[ 	]\\([ABCDGIRSTW][ABCDGIRSTW]*\\)[ 	][ 	]*\\([_A-Za-z][_A-Za-z0-9]*\\)\$/\\1 \\2 \\2/p'\''"'
lt_lt_cv_sys_global_symbol_to_c_name_address='"sed -n -e '\''s/^: \\([^ ]*\\) \$/  {\\\"\\1\\\", (lt_ptr) 0},/p'\'' -e '\''s/^[BCDEGRST] \\([^ ]*\\) \\([^ ]*\\)\$/  {\"\\2\", (lt_ptr) \\&\\2},/p'\''"'
lt_lt_cv_sys_global_symbol_to_cdecl='"sed -n -e '\''s/^. .* \\(.*\\)\$/extern int \\1;/p'\''"'

## ----------------- ##
## Output variables. ##
## ----------------- ##

ACLOCAL='${SHELL} /home/german/pruebas/PolyPrimer/src/Tk-804.033/PNG/libpng/missing --run aclocal-1.9'
AMDEPBACKSLASH='\'
AMDEP_FALSE='#'
AMDEP_TRUE=''
AMTAR='${SHELL} /home/german/pruebas/PolyPrimer/src/Tk-804.033/PNG/libpng/missing --run tar'
AR='ar'
AUTOCONF='${SHELL} /home/german/pruebas/PolyPrimer/src/Tk-804.033/PNG/libpng/missing --run autoconf'
AUTOHEADER='${SHELL} /home/german/pruebas/PolyPrimer/src/Tk-804.033/PNG/libpng/missing --run autoheader'
AUTOMAKE='${SHELL} /home/german/pruebas/PolyPrimer/src/Tk-804.033/PNG/libpng/missing --run automake-1.9'
AWK='mawk'
CC='x86_64-linux-gnu-gcc'
CCDEPMODE='depmode=gcc3'
CFLAGS='-D_REENTRANT -D_GNU_SOURCE -DDEBIAN -fwrapv -fno-strict-aliasing -pipe -I/usr/local/include -D_LARGEFILE_SOURCE -D_FILE_OFFSET_BITS=64 -fPIC'
CPP='x86_64-linux-gnu-gcc -E'
CPPFLAGS=''
CXX='g++'
CXXCPP=''
CXXDEPMODE='depmode=none'
CXXFLAGS=''
CYGPATH_W='echo'
DEFS=''
DEPDIR='.deps'
ECHO='echo'
ECHO_C=''
ECHO_N='-n'
ECHO_T=''
EGREP='grep -E'
EXEEXT=''
F77=''
FFLAGS=''
HAVE_LD_VERSION_SCRIPT_FALSE=''
HAVE_LD_VERSION_SCRIPT_TRUE=''
INSTALL_DATA='${INSTALL} -m 644'
INSTALL_PROGRAM='${INSTALL}'
INSTALL_SCRIPT='${INSTALL}'
INSTALL_STRIP_PROGRAM='${SHELL} $(install_sh) -c -s'
LDFLAGS=''
LIBOBJS=''
LIBPNG_DEFINES=''
LIBS='-lm '
LIBTOOL='$(SHELL) $(top_builddir)/libtool'
LN_S='ln -s'
LTLIBOBJS=''
MAINT='#'
MAINTAINER_MODE_FALSE=''
MAINTAINER_MODE_TRUE='#'
MAKEINFO='${SHELL} /home/german/pruebas/PolyPrimer/src/Tk-804.033/PNG/libpng/missing --run makeinfo'
OBJEXT='o'
PACKAGE='libpng'
PACKAGE_BUGREPORT='png-mng-implement@lists.sourceforge.net'
PACKAGE_NAME='libpng'
PACKAGE_STRING='libpng 1.2.12'
PACKAGE_TARNAME='libpng'
PACKAGE_VERSION='1.2.12'
PATH_SEPARATOR=':'
PNGLIB_MAJOR='12'
PNGLIB_MINOR='12'
PNGLIB_VERSION='1.2.12'
POW_LIB=''
RANLIB='ranlib'
SED='/bin/sed'
SET_MAKE=''
SHELL='/bin/bash'
STRIP='strip'
VERSION='1.2.12'
ac_ct_AR='ar'
ac_ct_CC='x86_64-linux-gnu-gcc'
ac_ct_CXX='g++'
ac_ct_F77=''
ac_ct_RANLIB='ranlib'
ac_ct_SED='/bin/sed'
ac_ct_STRIP='strip'
am__fastdepCC_FALSE='#'
am__fastdepCC_TRUE=''
am__fastdepCXX_FALSE=''
am__fastdepCXX_TRUE='#'
am__include='include'
am__leading_dot='.'
am__quote=''
am__tar='${AMTAR} chof - "$$tardir"'
am__untar='${AMTAR} xf -'
binconfigs=''
bindir='${exec_prefix}/bin'
build='x86_64-unknown-linux-gnu'
build_alias=''
build_cpu='x86_64'
build_os='linux-gnu'
build_vendor='unknown'
compatlib=''
datadir='${prefix}/share'
exec_prefix='NONE'
host='x86_64-unknown-linux-gnu'
host_alias=''
host_cpu='x86_64'
host_os='linux-gnu'
host_vendor='unknown'
includedir='${prefix}/include'
infodir='${prefix}/info'
install_sh='/home/german/pruebas/PolyPrimer/src/Tk-804.033/PNG/libpng/install-sh'
libdir='${exec_prefix}/lib'
libexecdir='${exec_prefix}/libexec'
localstatedir='${prefix}/var'
mandir='${prefix}/man'
mkdir_p='mkdir -p --'
oldincludedir='/usr/include'
pkgconfigdir=''
prefix='NONE'
program_transform_name='s,x,x,'
sbindir='${exec_prefix}/sbin'
sharedstatedir='${prefix}/com'
sysconfdir='${prefix}/etc'
target_alias=''

## ----------- ##
## confdefs.h. ##
## ----------- ##

#define HAVE_DLFCN_H 1
#define HAVE_INTTYPES_H 1
#define HAVE_LIBM 1
#define HAVE_MALLOC 1
#define HAVE_MALLOC_H 1
#define HAVE_MEMORY_H 1
#define HAVE_MEMSET 1
#define HAVE_STDINT_H 1
#define HAVE_STDLIB_H 1
#define HAVE_STDLIB_H 1
#define HAVE_STDLIB_H 1
#define HAVE_STRINGS_H 1
#define HAVE_STRINGS_H 1
#define HAVE_STRING_H 1
#define HAVE_STRING_H 1
#define HAVE_SYS_STAT_H 1
#define HAVE_SYS_TYPES_H 1
#define HAVE_UNISTD_H 1
#define PACKAGE "libpng"
#define PACKAGE_BUGREPORT "png-mng-implement@lists.sourceforge.net"
#define PACKAGE_NAME "libpng"
#define PACKAGE_STRING "libpng 1.2.12"
#define PACKAGE_TARNAME "libpng"
#define PACKAGE_VERSION "1.2.12"
#define STDC_HEADERS 1
#define STDC_HEADERS 1
#define VERSION "1.2.12"
#endif
#ifdef __cplusplus
void exit (int);

configure: exit 1
